<?xml version="1.0" encoding="UTF-8"?>
<testng-results skipped="0" failed="1" ignored="0" total="1" passed="0">
  <reporter-output>
  </reporter-output>
  <suite name="Default suite" duration-ms="699" started-at="2019-07-03T11:29:13Z" finished-at="2019-07-03T11:29:14Z">
    <groups>
      <group name="cucmber">
        <method signature="Runner.feature(cucumber.api.testng.CucumberFeatureWrapper)[pri:0, instance:cricbuzzrunner.Runner@79be0360]" name="feature" class="cricbuzzrunner.Runner"/>
      </group> <!-- cucmber -->
    </groups>
    <test name="Default test" duration-ms="699" started-at="2019-07-03T11:29:13Z" finished-at="2019-07-03T11:29:14Z">
      <class name="cricbuzzrunner.Runner">
        <test-method status="PASS" signature="setUpClass()[pri:0, instance:cricbuzzrunner.Runner@79be0360]" name="setUpClass" is-config="true" duration-ms="605" started-at="2019-07-03T11:29:13Z" finished-at="2019-07-03T11:29:14Z">
          <reporter-output>
          </reporter-output>
        </test-method> <!-- setUpClass -->
        <test-method status="FAIL" signature="feature(cucumber.api.testng.CucumberFeatureWrapper)[pri:0, instance:cricbuzzrunner.Runner@79be0360]" name="feature" duration-ms="0" started-at="2019-07-03T11:29:14Z" description="Run cucumber Feature" data-provider="feature" finished-at="2019-07-03T11:29:14Z">
          <exception class="org.testng.TestNGException">
            <message>
              <![CDATA[
Method public void cricbuzzrunner.Runner.feature(cucumber.api.testng.CucumberFeatureWrapper) requires a @DataProvider named : feature]]>
            </message>
            <full-stacktrace>
              <![CDATA[org.testng.TestNGException: 
Method public void cricbuzzrunner.Runner.feature(cucumber.api.testng.CucumberFeatureWrapper) requires a @DataProvider named : feature
at org.testng.internal.Parameters.findDataProvider(Parameters.java:513)
at org.testng.internal.Parameters.handleParameters(Parameters.java:691)
at org.testng.internal.ParameterHandler.handleParameters(ParameterHandler.java:49)
at org.testng.internal.ParameterHandler.createParameters(ParameterHandler.java:37)
at org.testng.internal.Invoker.invokeTestMethods(Invoker.java:924)
at org.testng.internal.TestMethodWorker.invokeTestMethods(TestMethodWorker.java:125)
at org.testng.internal.TestMethodWorker.run(TestMethodWorker.java:109)
at org.testng.TestRunner.privateRun(TestRunner.java:648)
at org.testng.TestRunner.run(TestRunner.java:505)
at org.testng.SuiteRunner.runTest(SuiteRunner.java:455)
at org.testng.SuiteRunner.runSequentially(SuiteRunner.java:450)
at org.testng.SuiteRunner.privateRun(SuiteRunner.java:415)
at org.testng.SuiteRunner.run(SuiteRunner.java:364)
at org.testng.SuiteRunnerWorker.runSuite(SuiteRunnerWorker.java:52)
at org.testng.SuiteRunnerWorker.run(SuiteRunnerWorker.java:84)
at org.testng.TestNG.runSuitesSequentially(TestNG.java:1208)
at org.testng.TestNG.runSuitesLocally(TestNG.java:1137)
at org.testng.TestNG.runSuites(TestNG.java:1049)
at org.testng.TestNG.run(TestNG.java:1017)
at org.testng.remote.AbstractRemoteTestNG.run(AbstractRemoteTestNG.java:115)
at org.testng.remote.RemoteTestNG.initAndRun(RemoteTestNG.java:251)
at org.testng.remote.RemoteTestNG.main(RemoteTestNG.java:77)
]]>
            </full-stacktrace>
          </exception> <!-- org.testng.TestNGException -->
          <reporter-output>
          </reporter-output>
        </test-method> <!-- feature -->
        <test-method status="PASS" signature="tearDownClass()[pri:0, instance:cricbuzzrunner.Runner@79be0360]" name="tearDownClass" is-config="true" duration-ms="47" started-at="2019-07-03T11:29:14Z" finished-at="2019-07-03T11:29:14Z">
          <reporter-output>
          </reporter-output>
        </test-method> <!-- tearDownClass -->
      </class> <!-- cricbuzzrunner.Runner -->
    </test> <!-- Default test -->
  </suite> <!-- Default suite -->
</testng-results>
