<?xml version="1.0" encoding="UTF-8"?>
<testng-results skipped="0" failed="0" ignored="0" total="1" passed="1">
  <reporter-output>
  </reporter-output>
  <suite name="Default suite" duration-ms="656" started-at="2019-07-04T11:23:19Z" finished-at="2019-07-04T11:23:20Z">
    <groups>
    </groups>
    <test name="Default test" duration-ms="656" started-at="2019-07-04T11:23:19Z" finished-at="2019-07-04T11:23:20Z">
      <class name="cricbuzzrunner.Runner">
        <test-method status="PASS" signature="setUpClass()[pri:0, instance:cricbuzzrunner.Runner@3a883ce7]" name="setUpClass" is-config="true" duration-ms="546" started-at="2019-07-04T11:23:19Z" finished-at="2019-07-04T11:23:19Z">
          <reporter-output>
          </reporter-output>
        </test-method> <!-- setUpClass -->
        <test-method status="PASS" signature="feature(cucumber.api.testng.CucumberFeatureWrapper)[pri:0, instance:cricbuzzrunner.Runner@3a883ce7]" name="feature" duration-ms="16" started-at="2019-07-04T11:23:20Z" data-provider="features" finished-at="2019-07-04T11:23:20Z">
          <params>
            <param index="0">
              <value>
                <![CDATA[Cricbuzz Feature]]>
              </value>
            </param>
          </params>
          <reporter-output>
          </reporter-output>
        </test-method> <!-- feature -->
        <test-method status="PASS" signature="tearDownClass()[pri:0, instance:cricbuzzrunner.Runner@3a883ce7]" name="tearDownClass" is-config="true" duration-ms="16" started-at="2019-07-04T11:23:20Z" finished-at="2019-07-04T11:23:20Z">
          <reporter-output>
          </reporter-output>
        </test-method> <!-- tearDownClass -->
      </class> <!-- cricbuzzrunner.Runner -->
    </test> <!-- Default test -->
  </suite> <!-- Default suite -->
</testng-results>
